Arguments: 
  C:\Program Files\nodejs\node.exe C:\Users\Alejandro\AppData\Roaming\npm\node_modules\yarn\bin\yarn.js

PATH: 
  C:\Program Files\Eclipse Adoptium\jdk-11.0.14.9-hotspot\bin;C:\Python39\Scripts\;C:\Python39\;C:\windows\system32;C:\windows;C:\windows\System32\Wbem;C:\windows\System32\WindowsPowerShell\v1.0\;C:\windows\System32\OpenSSH\;C:\Program Files (x86)\NVIDIA Corporation\PhysX\Common;C:\Program Files\NVIDIA Corporation\NVIDIA NvDLISR;C:\Program Files\WireGuard\;C:\Program Files\dotnet\;C:\DotEnv;C:\apache-maven-3.8.2\bin;C:\Program Files\nodejs\;C:\ProgramData\chocolatey\bin;C:\Program Files\PuTTY\;C:\WINDOWS\system32;C:\WINDOWS;C:\WINDOWS\System32\Wbem;C:\WINDOWS\System32\WindowsPowerShell\v1.0\;C:\WINDOWS\System32\OpenSSH\;C:\xampp\php;C:\dotnet;C:\tools\php80;C:\Users\Alejandro\AppData\Local\Yarn\bin;C:\Program Files\Git\cmd;C:\gradle-7.4-bin\gradle-7.4\bin;C:\Users\Alejandro\AppData\Local\Android\Sdk\cmdline-tools\latest\bin;C:\Users\Alejandro\AppData\Local\Android\Sdk\platform-tools;C:\Users\Alejandro\AppData\Local\Android\Sdk\emulator;C:\Users\Alejandro\fvm\versions\stable\bin;C:\Program Files\MariaDB 10.7\bin;;C:\Program Files\Docker\Docker\resources\bin;C:\ProgramData\DockerDesktop\version-bin;C:\Users\Alejandro\AppData\Local\Microsoft\WindowsApps;C:\Users\Alejandro\AppData\Local\Programs\Microsoft VS Code\bin;C:\Users\Alejandro\AppData\Roaming\npm;C:\Users\Alejandro\.dotnet\tools;C:\Program Files\heroku\bin;C:\Program Files\OpenSSL-Win64\bin;C:\Users\Alejandro\AppData\Local\GitHubDesktop\bin

Yarn version: 
  1.22.11

Node version: 
  14.17.5

Platform: 
  win32 x64

Trace: 
  Error: EPERM: operation not permitted, unlink 'C:\Users\Alejandro\Documents\Projects\sails\node_modules\bufferutil\build\Release\bufferutil.node'

npm manifest: 
  {
    "name": "fuse",
    "version": "1.4.5",
    "dependencies": {
      "datatables.net-buttons": "^1.3.1",
      "grunt": "^1.0.4",
      "grunt-cli": "^1.3.2"
    },
    "scripts": {
      "test": "gulp test",
      "start": "gulp serve"
    },
    "devDependencies": {
      "browser-sync": "~2.9.11",
      "browser-sync-spa": "~1.0.3",
      "chalk": "~1.1.1",
      "del": "~2.0.2",
      "eslint-plugin-angular": "~0.12.0",
      "estraverse": "~4.1.0",
      "fs-extra": "~1.0.0",
      "grunt-angular-gettext": "^2.3.6",
      "gulp": "^3.9.1",
      "gulp-angular-filesort": "~1.1.1",
      "gulp-angular-templatecache": "~1.8.0",
      "gulp-autoprefixer": "~3.0.2",
      "gulp-clean-css": "^2.0.3",
      "gulp-cssnano": "~2.1.0",
      "gulp-eslint": "~1.0.0",
      "gulp-filter": "~3.0.1",
      "gulp-flatten": "~0.2.0",
      "gulp-htmlmin": "~1.3.0",
      "gulp-inject": "~3.0.0",
      "gulp-load-plugins": "~0.10.0",
      "gulp-ng-annotate": "~1.1.0",
      "gulp-protractor": "~1.0.0",
      "gulp-rename": "~1.2.2",
      "gulp-replace": "~0.5.4",
      "gulp-rev": "~6.0.1",
      "gulp-rev-replace": "~0.4.2",
      "gulp-sass": "~2.1.1",
      "gulp-size": "~2.0.0",
      "gulp-sourcemaps": "~1.6.0",
      "gulp-uglify": "~1.4.1",
      "gulp-useref": "~3.0.5",
      "gulp-util": "~3.0.6",
      "http-proxy-middleware": "~0.9.0",
      "karma": "~0.13.10",
      "karma-angular-filesort": "~1.0.0",
      "karma-coverage": "~0.5.2",
      "karma-jasmine": "~0.3.6",
      "karma-ng-html2js-preprocessor": "~0.2.0",
      "karma-phantomjs-launcher": "~1.0.0",
      "lodash": "~3.10.1",
      "main-bower-files": "~2.9.0",
      "node-sass": "^4.13.0",
      "phantomjs-prebuilt": "~2.1.3",
      "uglify-save-license": "~0.4.1",
      "wiredep": "~2.2.2"
    },
    "engines": {
      "node": ">=0.10.0"
    }
  }

yarn manifest: 
  No manifest

Lockfile: 
  No lockfile
